C:\USERS\MARISSA\DOCUMENTS\GITHUB\CLUSTEREDSHADINGANDROID\BIN\WIN32\V110\CLUSTEREDSHADINGWINDOWSGL.PDB
C:\USERS\MARISSA\DOCUMENTS\GITHUB\CLUSTEREDSHADINGANDROID\BIN\WIN32\V110\CLUSTEREDSHADINGWINDOWSGL.ILK
C:\USERS\MARISSA\DOCUMENTS\GITHUB\CLUSTEREDSHADINGANDROID\BIN\WIN32\V110\CLUSTEREDSHADINGWINDOWSGL.EXE
C:\Users\Marissa\Documents\GitHub\ClusteredShadingAndroid\temp\Win32\v110\Debug\x32\Debug_GL\ClusteredShadingWindowsGL\ClusteredShadingWindowsGL.vcxprojResolveAssemblyReference.cache
C:\Users\Marissa\Documents\GitHub\ClusteredShadingAndroid\temp\Win32\v110\Debug\x32\Debug_GL\ClusteredShadingWindowsGL\ClusteredShadingSample.obj
C:\Users\Marissa\Documents\GitHub\ClusteredShadingAndroid\temp\Win32\v110\Debug\x32\Debug_GL\ClusteredShadingWindowsGL\ClusteredShadingWindows.obj
C:\Users\Marissa\Documents\GitHub\ClusteredShadingAndroid\temp\Win32\v110\Debug\x32\Debug_GL\ClusteredShadingWindowsGL\ColorUtil.obj
C:\Users\Marissa\Documents\GitHub\ClusteredShadingAndroid\temp\Win32\v110\Debug\x32\Debug_GL\ClusteredShadingWindowsGL\FragmentFactory.obj
C:\Users\Marissa\Documents\GitHub\ClusteredShadingAndroid\temp\Win32\v110\Debug\x32\Debug_GL\ClusteredShadingWindowsGL\GLProgram.obj
C:\Users\Marissa\Documents\GitHub\ClusteredShadingAndroid\temp\Win32\v110\Debug\x32\Debug_GL\ClusteredShadingWindowsGL\LightGrid.obj
C:\Users\Marissa\Documents\GitHub\ClusteredShadingAndroid\temp\Win32\v110\Debug\x32\Debug_GL\ClusteredShadingWindowsGL\CL.10204.read.1.tlog
C:\Users\Marissa\Documents\GitHub\ClusteredShadingAndroid\temp\Win32\v110\Debug\x32\Debug_GL\ClusteredShadingWindowsGL\CL.10204.write.1.tlog
C:\Users\Marissa\Documents\GitHub\ClusteredShadingAndroid\temp\Win32\v110\Debug\x32\Debug_GL\ClusteredShadingWindowsGL\CL.12416.read.1.tlog
C:\Users\Marissa\Documents\GitHub\ClusteredShadingAndroid\temp\Win32\v110\Debug\x32\Debug_GL\ClusteredShadingWindowsGL\CL.12416.write.1.tlog
C:\Users\Marissa\Documents\GitHub\ClusteredShadingAndroid\temp\Win32\v110\Debug\x32\Debug_GL\ClusteredShadingWindowsGL\CL.12832.read.1.tlog
C:\Users\Marissa\Documents\GitHub\ClusteredShadingAndroid\temp\Win32\v110\Debug\x32\Debug_GL\ClusteredShadingWindowsGL\CL.12832.write.1.tlog
C:\Users\Marissa\Documents\GitHub\ClusteredShadingAndroid\temp\Win32\v110\Debug\x32\Debug_GL\ClusteredShadingWindowsGL\CL.4948.read.1.tlog
C:\Users\Marissa\Documents\GitHub\ClusteredShadingAndroid\temp\Win32\v110\Debug\x32\Debug_GL\ClusteredShadingWindowsGL\CL.4948.write.1.tlog
C:\Users\Marissa\Documents\GitHub\ClusteredShadingAndroid\temp\Win32\v110\Debug\x32\Debug_GL\ClusteredShadingWindowsGL\CL.5140.read.1.tlog
C:\Users\Marissa\Documents\GitHub\ClusteredShadingAndroid\temp\Win32\v110\Debug\x32\Debug_GL\ClusteredShadingWindowsGL\CL.5140.write.1.tlog
C:\Users\Marissa\Documents\GitHub\ClusteredShadingAndroid\temp\Win32\v110\Debug\x32\Debug_GL\ClusteredShadingWindowsGL\CL.7456.read.1.tlog
C:\Users\Marissa\Documents\GitHub\ClusteredShadingAndroid\temp\Win32\v110\Debug\x32\Debug_GL\ClusteredShadingWindowsGL\CL.7456.write.1.tlog
C:\Users\Marissa\Documents\GitHub\ClusteredShadingAndroid\temp\Win32\v110\Debug\x32\Debug_GL\ClusteredShadingWindowsGL\cl.command.1.tlog
C:\Users\Marissa\Documents\GitHub\ClusteredShadingAndroid\temp\Win32\v110\Debug\x32\Debug_GL\ClusteredShadingWindowsGL\CL.read.1.tlog
C:\Users\Marissa\Documents\GitHub\ClusteredShadingAndroid\temp\Win32\v110\Debug\x32\Debug_GL\ClusteredShadingWindowsGL\cl.write.1.tlog
C:\Users\Marissa\Documents\GitHub\ClusteredShadingAndroid\temp\Win32\v110\Debug\x32\Debug_GL\ClusteredShadingWindowsGL\link-cvtres.read.1.tlog
C:\Users\Marissa\Documents\GitHub\ClusteredShadingAndroid\temp\Win32\v110\Debug\x32\Debug_GL\ClusteredShadingWindowsGL\link-cvtres.write.1.tlog
C:\Users\Marissa\Documents\GitHub\ClusteredShadingAndroid\temp\Win32\v110\Debug\x32\Debug_GL\ClusteredShadingWindowsGL\link-rc.read.1.tlog
C:\Users\Marissa\Documents\GitHub\ClusteredShadingAndroid\temp\Win32\v110\Debug\x32\Debug_GL\ClusteredShadingWindowsGL\link-rc.write.1.tlog
C:\Users\Marissa\Documents\GitHub\ClusteredShadingAndroid\temp\Win32\v110\Debug\x32\Debug_GL\ClusteredShadingWindowsGL\link.command.1.tlog
C:\Users\Marissa\Documents\GitHub\ClusteredShadingAndroid\temp\Win32\v110\Debug\x32\Debug_GL\ClusteredShadingWindowsGL\link.read.1.tlog
C:\Users\Marissa\Documents\GitHub\ClusteredShadingAndroid\temp\Win32\v110\Debug\x32\Debug_GL\ClusteredShadingWindowsGL\link.write.1.tlog
C:\Users\Marissa\Documents\GitHub\ClusteredShadingAndroid\bin\Win32\v110\ClusteredShadingWindowsGL.pdb
C:\Users\Marissa\Documents\GitHub\ClusteredShadingAndroid\bin\Win32\v110\ClusteredShadingWindowsGL.exe
C:\Users\Marissa\Documents\GitHub\ClusteredShadingAndroid\bin\Win32\v110\ClusteredShadingWindowsGL.ilk
