C:\USERS\MARISSA\DOCUMENTS\GITHUB\LIB\WIN32\V110\DEBUG\CPUTGL.PDB
C:\USERS\MARISSA\DOCUMENTS\GITHUB\CLUSTEREDSHADINGANDROID\CPUT\TEMP\WIN32\V110\DEBUG\X32\DEBUG_GL\CPUTGL\LOADER.OBJ
C:\USERS\MARISSA\DOCUMENTS\GITHUB\CLUSTEREDSHADINGANDROID\CPUT\TEMP\WIN32\V110\DEBUG\X32\DEBUG_GL\CPUTGL\STB_IMAGE.OBJ
C:\USERS\MARISSA\DOCUMENTS\GITHUB\CLUSTEREDSHADINGANDROID\CPUT\TEMP\WIN32\V110\DEBUG\X32\DEBUG_GL\CPUTGL\SWAP.OBJ
C:\USERS\MARISSA\DOCUMENTS\GITHUB\CLUSTEREDSHADINGANDROID\CPUT\TEMP\WIN32\V110\DEBUG\X32\DEBUG_GL\CPUTGL\CHECKHEADER.OBJ
C:\USERS\MARISSA\DOCUMENTS\GITHUB\CLUSTEREDSHADINGANDROID\CPUT\TEMP\WIN32\V110\DEBUG\X32\DEBUG_GL\CPUTGL\WRITER.OBJ
C:\USERS\MARISSA\DOCUMENTS\GITHUB\CLUSTEREDSHADINGANDROID\CPUT\TEMP\WIN32\V110\DEBUG\X32\DEBUG_GL\CPUTGL\HASHTABLE.OBJ
C:\USERS\MARISSA\DOCUMENTS\GITHUB\CLUSTEREDSHADINGANDROID\CPUT\TEMP\WIN32\V110\DEBUG\X32\DEBUG_GL\CPUTGL\GLEW.OBJ
C:\USERS\MARISSA\DOCUMENTS\GITHUB\CLUSTEREDSHADINGANDROID\CPUT\TEMP\WIN32\V110\DEBUG\X32\DEBUG_GL\CPUTGL\ERRSTR.OBJ
C:\USERS\MARISSA\DOCUMENTS\GITHUB\LIB\WIN32\V110\DEBUG\CPUTGL.LIB
C:\Users\Marissa\Documents\GitHub\ClusteredShadingAndroid\CPUT\temp\Win32\v110\Debug\x32\Debug_GL\CPUTGL\checkheader.obj
C:\Users\Marissa\Documents\GitHub\ClusteredShadingAndroid\CPUT\temp\Win32\v110\Debug\x32\Debug_GL\CPUTGL\CPUTAnimation.obj
C:\Users\Marissa\Documents\GitHub\ClusteredShadingAndroid\CPUT\temp\Win32\v110\Debug\x32\Debug_GL\CPUTGL\CPUTAssetLibrary.obj
C:\Users\Marissa\Documents\GitHub\ClusteredShadingAndroid\CPUT\temp\Win32\v110\Debug\x32\Debug_GL\CPUTGL\CPUTAssetLibraryOGL.obj
C:\Users\Marissa\Documents\GitHub\ClusteredShadingAndroid\CPUT\temp\Win32\v110\Debug\x32\Debug_GL\CPUTGL\CPUTAssetSet.obj
C:\Users\Marissa\Documents\GitHub\ClusteredShadingAndroid\CPUT\temp\Win32\v110\Debug\x32\Debug_GL\CPUTGL\CPUTBufferOGL.obj
C:\Users\Marissa\Documents\GitHub\ClusteredShadingAndroid\CPUT\temp\Win32\v110\Debug\x32\Debug_GL\CPUTGL\CPUTButton.obj
C:\Users\Marissa\Documents\GitHub\ClusteredShadingAndroid\CPUT\temp\Win32\v110\Debug\x32\Debug_GL\CPUTGL\CPUTCamera.obj
C:\Users\Marissa\Documents\GitHub\ClusteredShadingAndroid\CPUT\temp\Win32\v110\Debug\x32\Debug_GL\CPUTGL\CPUTCheckbox.obj
C:\Users\Marissa\Documents\GitHub\ClusteredShadingAndroid\CPUT\temp\Win32\v110\Debug\x32\Debug_GL\CPUTGL\CPUTConfigBlock.obj
C:\Users\Marissa\Documents\GitHub\ClusteredShadingAndroid\CPUT\temp\Win32\v110\Debug\x32\Debug_GL\CPUTGL\CPUTControl.obj
C:\Users\Marissa\Documents\GitHub\ClusteredShadingAndroid\CPUT\temp\Win32\v110\Debug\x32\Debug_GL\CPUTGL\CPUTDropdown.obj
C:\Users\Marissa\Documents\GitHub\ClusteredShadingAndroid\CPUT\temp\Win32\v110\Debug\x32\Debug_GL\CPUTGL\CPUTFont.obj
C:\Users\Marissa\Documents\GitHub\ClusteredShadingAndroid\CPUT\temp\Win32\v110\Debug\x32\Debug_GL\CPUTGL\CPUTFrustum.obj
C:\Users\Marissa\Documents\GitHub\ClusteredShadingAndroid\CPUT\temp\Win32\v110\Debug\x32\Debug_GL\CPUTGL\CPUTGuiController.obj
C:\Users\Marissa\Documents\GitHub\ClusteredShadingAndroid\CPUT\temp\Win32\v110\Debug\x32\Debug_GL\CPUTGL\CPUTGuiControllerOGL.obj
C:\Users\Marissa\Documents\GitHub\ClusteredShadingAndroid\CPUT\temp\Win32\v110\Debug\x32\Debug_GL\CPUTGL\CPUTGUIElement.obj
C:\Users\Marissa\Documents\GitHub\ClusteredShadingAndroid\CPUT\temp\Win32\v110\Debug\x32\Debug_GL\CPUTGL\CPUTITTTaskMarker.obj
C:\Users\Marissa\Documents\GitHub\ClusteredShadingAndroid\CPUT\temp\Win32\v110\Debug\x32\Debug_GL\CPUTGL\CPUTLight.obj
C:\Users\Marissa\Documents\GitHub\ClusteredShadingAndroid\CPUT\temp\Win32\v110\Debug\x32\Debug_GL\CPUTGL\CPUTMaterial.obj
C:\Users\Marissa\Documents\GitHub\ClusteredShadingAndroid\CPUT\temp\Win32\v110\Debug\x32\Debug_GL\CPUTGL\CPUTMaterialEffect.obj
C:\Users\Marissa\Documents\GitHub\ClusteredShadingAndroid\CPUT\temp\Win32\v110\Debug\x32\Debug_GL\CPUTGL\CPUTMaterialEffectOGL.obj
C:\Users\Marissa\Documents\GitHub\ClusteredShadingAndroid\CPUT\temp\Win32\v110\Debug\x32\Debug_GL\CPUTGL\CPUTMesh.obj
C:\Users\Marissa\Documents\GitHub\ClusteredShadingAndroid\CPUT\temp\Win32\v110\Debug\x32\Debug_GL\CPUTGL\CPUTMeshOGL.obj
C:\Users\Marissa\Documents\GitHub\ClusteredShadingAndroid\CPUT\temp\Win32\v110\Debug\x32\Debug_GL\CPUTGL\CPUTModel.obj
C:\Users\Marissa\Documents\GitHub\ClusteredShadingAndroid\CPUT\temp\Win32\v110\Debug\x32\Debug_GL\CPUTGL\CPUTModelOGL.obj
C:\Users\Marissa\Documents\GitHub\ClusteredShadingAndroid\CPUT\temp\Win32\v110\Debug\x32\Debug_GL\CPUTGL\CPUTNullNode.obj
C:\Users\Marissa\Documents\GitHub\ClusteredShadingAndroid\CPUT\temp\Win32\v110\Debug\x32\Debug_GL\CPUTGL\CPUTOSServicesWin.obj
C:\Users\Marissa\Documents\GitHub\ClusteredShadingAndroid\CPUT\temp\Win32\v110\Debug\x32\Debug_GL\CPUTGL\CPUTParser.obj
C:\Users\Marissa\Documents\GitHub\ClusteredShadingAndroid\CPUT\temp\Win32\v110\Debug\x32\Debug_GL\CPUTGL\CPUTPerfTaskMarker.obj
C:\Users\Marissa\Documents\GitHub\ClusteredShadingAndroid\CPUT\temp\Win32\v110\Debug\x32\Debug_GL\CPUTGL\CPUTRenderNode.obj
C:\Users\Marissa\Documents\GitHub\ClusteredShadingAndroid\CPUT\temp\Win32\v110\Debug\x32\Debug_GL\CPUTGL\CPUTRenderStateBlock.obj
C:\Users\Marissa\Documents\GitHub\ClusteredShadingAndroid\CPUT\temp\Win32\v110\Debug\x32\Debug_GL\CPUTGL\CPUTRenderStateBlockOGL.obj
C:\Users\Marissa\Documents\GitHub\ClusteredShadingAndroid\CPUT\temp\Win32\v110\Debug\x32\Debug_GL\CPUTGL\CPUTRenderTargetOGL.obj
C:\Users\Marissa\Documents\GitHub\ClusteredShadingAndroid\CPUT\temp\Win32\v110\Debug\x32\Debug_GL\CPUTGL\CPUTScene.obj
C:\Users\Marissa\Documents\GitHub\ClusteredShadingAndroid\CPUT\temp\Win32\v110\Debug\x32\Debug_GL\CPUTGL\CPUTShaderOGL.obj
C:\Users\Marissa\Documents\GitHub\ClusteredShadingAndroid\CPUT\temp\Win32\v110\Debug\x32\Debug_GL\CPUTGL\CPUTSkeleton.obj
C:\Users\Marissa\Documents\GitHub\ClusteredShadingAndroid\CPUT\temp\Win32\v110\Debug\x32\Debug_GL\CPUTGL\CPUTSlider.obj
C:\Users\Marissa\Documents\GitHub\ClusteredShadingAndroid\CPUT\temp\Win32\v110\Debug\x32\Debug_GL\CPUTGL\CPUTSprite.obj
C:\Users\Marissa\Documents\GitHub\ClusteredShadingAndroid\CPUT\temp\Win32\v110\Debug\x32\Debug_GL\CPUTGL\CPUTSpriteOGL.obj
C:\Users\Marissa\Documents\GitHub\ClusteredShadingAndroid\CPUT\temp\Win32\v110\Debug\x32\Debug_GL\CPUTGL\CPUTText.obj
C:\Users\Marissa\Documents\GitHub\ClusteredShadingAndroid\CPUT\temp\Win32\v110\Debug\x32\Debug_GL\CPUTGL\CPUTTexture.obj
C:\Users\Marissa\Documents\GitHub\ClusteredShadingAndroid\CPUT\temp\Win32\v110\Debug\x32\Debug_GL\CPUTGL\CPUTTextureOGL.obj
C:\Users\Marissa\Documents\GitHub\ClusteredShadingAndroid\CPUT\temp\Win32\v110\Debug\x32\Debug_GL\CPUTGL\CPUTTimerWin.obj
C:\Users\Marissa\Documents\GitHub\ClusteredShadingAndroid\CPUT\temp\Win32\v110\Debug\x32\Debug_GL\CPUTGL\CPUTWindowWin.obj
C:\Users\Marissa\Documents\GitHub\ClusteredShadingAndroid\CPUT\temp\Win32\v110\Debug\x32\Debug_GL\CPUTGL\CPUT_OGL.obj
C:\Users\Marissa\Documents\GitHub\ClusteredShadingAndroid\CPUT\temp\Win32\v110\Debug\x32\Debug_GL\CPUTGL\CPUT_OGL_GL.obj
C:\Users\Marissa\Documents\GitHub\ClusteredShadingAndroid\CPUT\temp\Win32\v110\Debug\x32\Debug_GL\CPUTGL\errstr.obj
C:\Users\Marissa\Documents\GitHub\ClusteredShadingAndroid\CPUT\temp\Win32\v110\Debug\x32\Debug_GL\CPUTGL\glew.obj
C:\Users\Marissa\Documents\GitHub\ClusteredShadingAndroid\CPUT\temp\Win32\v110\Debug\x32\Debug_GL\CPUTGL\hashtable.obj
C:\Users\Marissa\Documents\GitHub\ClusteredShadingAndroid\CPUT\temp\Win32\v110\Debug\x32\Debug_GL\CPUTGL\loader.obj
C:\Users\Marissa\Documents\GitHub\ClusteredShadingAndroid\CPUT\temp\Win32\v110\Debug\x32\Debug_GL\CPUTGL\stb_image.obj
C:\Users\Marissa\Documents\GitHub\ClusteredShadingAndroid\CPUT\temp\Win32\v110\Debug\x32\Debug_GL\CPUTGL\swap.obj
C:\Users\Marissa\Documents\GitHub\ClusteredShadingAndroid\CPUT\temp\Win32\v110\Debug\x32\Debug_GL\CPUTGL\writer.obj
C:\Users\Marissa\Documents\GitHub\ClusteredShadingAndroid\CPUT\temp\Win32\v110\Debug\x32\Debug_GL\CPUTGL\CL.11288.read.1.tlog
C:\Users\Marissa\Documents\GitHub\ClusteredShadingAndroid\CPUT\temp\Win32\v110\Debug\x32\Debug_GL\CPUTGL\CL.11288.write.1.tlog
C:\Users\Marissa\Documents\GitHub\ClusteredShadingAndroid\CPUT\temp\Win32\v110\Debug\x32\Debug_GL\CPUTGL\CL.11384.read.1.tlog
C:\Users\Marissa\Documents\GitHub\ClusteredShadingAndroid\CPUT\temp\Win32\v110\Debug\x32\Debug_GL\CPUTGL\CL.11384.write.1.tlog
C:\Users\Marissa\Documents\GitHub\ClusteredShadingAndroid\CPUT\temp\Win32\v110\Debug\x32\Debug_GL\CPUTGL\CL.12044.read.1.tlog
C:\Users\Marissa\Documents\GitHub\ClusteredShadingAndroid\CPUT\temp\Win32\v110\Debug\x32\Debug_GL\CPUTGL\CL.12044.write.1.tlog
C:\Users\Marissa\Documents\GitHub\ClusteredShadingAndroid\CPUT\temp\Win32\v110\Debug\x32\Debug_GL\CPUTGL\CL.12588.read.1.tlog
C:\Users\Marissa\Documents\GitHub\ClusteredShadingAndroid\CPUT\temp\Win32\v110\Debug\x32\Debug_GL\CPUTGL\CL.12588.write.1.tlog
C:\Users\Marissa\Documents\GitHub\ClusteredShadingAndroid\CPUT\temp\Win32\v110\Debug\x32\Debug_GL\CPUTGL\CL.1304.read.1.tlog
C:\Users\Marissa\Documents\GitHub\ClusteredShadingAndroid\CPUT\temp\Win32\v110\Debug\x32\Debug_GL\CPUTGL\CL.1304.write.1.tlog
C:\Users\Marissa\Documents\GitHub\ClusteredShadingAndroid\CPUT\temp\Win32\v110\Debug\x32\Debug_GL\CPUTGL\CL.13140.read.1.tlog
C:\Users\Marissa\Documents\GitHub\ClusteredShadingAndroid\CPUT\temp\Win32\v110\Debug\x32\Debug_GL\CPUTGL\CL.13140.write.1.tlog
C:\Users\Marissa\Documents\GitHub\ClusteredShadingAndroid\CPUT\temp\Win32\v110\Debug\x32\Debug_GL\CPUTGL\CL.228.read.1.tlog
C:\Users\Marissa\Documents\GitHub\ClusteredShadingAndroid\CPUT\temp\Win32\v110\Debug\x32\Debug_GL\CPUTGL\CL.228.write.1.tlog
C:\Users\Marissa\Documents\GitHub\ClusteredShadingAndroid\CPUT\temp\Win32\v110\Debug\x32\Debug_GL\CPUTGL\CL.2892.read.1.tlog
C:\Users\Marissa\Documents\GitHub\ClusteredShadingAndroid\CPUT\temp\Win32\v110\Debug\x32\Debug_GL\CPUTGL\CL.2892.write.1.tlog
C:\Users\Marissa\Documents\GitHub\ClusteredShadingAndroid\CPUT\temp\Win32\v110\Debug\x32\Debug_GL\CPUTGL\CL.3056.read.1.tlog
C:\Users\Marissa\Documents\GitHub\ClusteredShadingAndroid\CPUT\temp\Win32\v110\Debug\x32\Debug_GL\CPUTGL\CL.3056.write.1.tlog
C:\Users\Marissa\Documents\GitHub\ClusteredShadingAndroid\CPUT\temp\Win32\v110\Debug\x32\Debug_GL\CPUTGL\CL.4148.read.1.tlog
C:\Users\Marissa\Documents\GitHub\ClusteredShadingAndroid\CPUT\temp\Win32\v110\Debug\x32\Debug_GL\CPUTGL\CL.4148.write.1.tlog
C:\Users\Marissa\Documents\GitHub\ClusteredShadingAndroid\CPUT\temp\Win32\v110\Debug\x32\Debug_GL\CPUTGL\CL.4736.read.1.tlog
C:\Users\Marissa\Documents\GitHub\ClusteredShadingAndroid\CPUT\temp\Win32\v110\Debug\x32\Debug_GL\CPUTGL\CL.4736.write.1.tlog
C:\Users\Marissa\Documents\GitHub\ClusteredShadingAndroid\CPUT\temp\Win32\v110\Debug\x32\Debug_GL\CPUTGL\CL.536.read.1.tlog
C:\Users\Marissa\Documents\GitHub\ClusteredShadingAndroid\CPUT\temp\Win32\v110\Debug\x32\Debug_GL\CPUTGL\CL.536.write.1.tlog
C:\Users\Marissa\Documents\GitHub\ClusteredShadingAndroid\CPUT\temp\Win32\v110\Debug\x32\Debug_GL\CPUTGL\CL.7092.read.1.tlog
C:\Users\Marissa\Documents\GitHub\ClusteredShadingAndroid\CPUT\temp\Win32\v110\Debug\x32\Debug_GL\CPUTGL\CL.7092.write.1.tlog
C:\Users\Marissa\Documents\GitHub\ClusteredShadingAndroid\CPUT\temp\Win32\v110\Debug\x32\Debug_GL\CPUTGL\CL.8892.read.1.tlog
C:\Users\Marissa\Documents\GitHub\ClusteredShadingAndroid\CPUT\temp\Win32\v110\Debug\x32\Debug_GL\CPUTGL\CL.8892.write.1.tlog
C:\Users\Marissa\Documents\GitHub\ClusteredShadingAndroid\CPUT\temp\Win32\v110\Debug\x32\Debug_GL\CPUTGL\CL.9300.read.1.tlog
C:\Users\Marissa\Documents\GitHub\ClusteredShadingAndroid\CPUT\temp\Win32\v110\Debug\x32\Debug_GL\CPUTGL\CL.9300.write.1.tlog
C:\Users\Marissa\Documents\GitHub\ClusteredShadingAndroid\CPUT\temp\Win32\v110\Debug\x32\Debug_GL\CPUTGL\CL.9408.read.1.tlog
C:\Users\Marissa\Documents\GitHub\ClusteredShadingAndroid\CPUT\temp\Win32\v110\Debug\x32\Debug_GL\CPUTGL\CL.9408.write.1.tlog
C:\Users\Marissa\Documents\GitHub\ClusteredShadingAndroid\CPUT\temp\Win32\v110\Debug\x32\Debug_GL\CPUTGL\cl.command.1.tlog
C:\Users\Marissa\Documents\GitHub\ClusteredShadingAndroid\CPUT\temp\Win32\v110\Debug\x32\Debug_GL\CPUTGL\CL.read.1.tlog
C:\Users\Marissa\Documents\GitHub\ClusteredShadingAndroid\CPUT\temp\Win32\v110\Debug\x32\Debug_GL\CPUTGL\cl.write.1.tlog
C:\Users\Marissa\Documents\GitHub\ClusteredShadingAndroid\CPUT\temp\Win32\v110\Debug\x32\Debug_GL\CPUTGL\Lib-link.read.1.tlog
C:\Users\Marissa\Documents\GitHub\ClusteredShadingAndroid\CPUT\temp\Win32\v110\Debug\x32\Debug_GL\CPUTGL\Lib-link.write.1.tlog
C:\Users\Marissa\Documents\GitHub\ClusteredShadingAndroid\CPUT\temp\Win32\v110\Debug\x32\Debug_GL\CPUTGL\lib.command.1.tlog
C:\Users\Marissa\Documents\GitHub\ClusteredShadingAndroid\\..\lib\Win32\v110\Debug\CPUTGL.pdb
C:\Users\Marissa\Documents\GitHub\ClusteredShadingAndroid\\..\lib\Win32\v110\Debug\CPUTGL.lib
